<?xml version="1.0" encoding="UTF-8"?>
<!-- Generated by org.testng.reporters.JUnitXMLReporter -->
<testsuite hostname="gireesha" name="Test" tests="3" failures="0" timestamp="17 May 2017 21:38:11 GMT" time="394.472" errors="0">
  <testcase name="bookRoundTrip" time="177.615" classname="com.traveledge.testcasesAir.Roundtrip"/>
  <testcase name="bookOneWayTrip" time="209.642" classname="com.traveledge.testcasesAir.OneWay"/>
  <testcase name="tc2" time="0.003" classname="com.traveledge.testcasesAir.OneWay"/>
</testsuite> <!-- Test -->
